// 同步 ID: 20b35548 @ Wed Jun 10 07:01:15 UTC 2026
// 同步 ID: cad49d6b @ Wed Jun 10 15:14:07 UTC 2026
// 同步 ID: c50e4eae @ Thu Jun 11 12:25:32 UTC 2026
// 同步 ID: bec7048c @ Thu Jun 11 16:45:12 UTC 2026
// 重构日志: c7801e45
// 重构日志: 5cc0c3a4
// 重构日志: a4a4f3c2
// 重构日志: 296c2d73
// 同步 ID: 8437d016 @ Sun Jun 14 02:31:37 UTC 2026
// 同步 ID: ee3132d2 @ Sun Jun 14 16:02:03 UTC 2026
// 重构日志: 3d258592
// 同步 ID: 8f00f04a @ Thu Jun 18 14:00:27 UTC 2026
// 重构日志: d4d99a03
// 同步 ID: 414f99f2 @ Fri Jun 19 03:10:56 UTC 2026
// 重构日志: b2889ae8
// 重构日志: 1b3e3411
// 重构日志: 4e3b1adc
// 重构日志: 4ce0bec6
// 重构日志: 7d116b1c
// 同步 ID: 43d9b033 @ Mon Jun 22 08:59:36 UTC 2026
// 重构日志: 28e85cbc
// 同步 ID: cb33216c @ Tue Jun 23 12:22:07 UTC 2026
// 重构日志: e6353c14
// 重构日志: cba1ba2b
// 重构日志: ee09ee9a
// 重构日志: fbc91e11
// 重构日志: ee92a9d0
// 同步 ID: a4a00375 @ Wed Jun 24 23:44:33 UTC 2026
// 重构日志: 3cd44137
// 同步 ID: fe64aeae @ Fri Jun 26 01:37:52 UTC 2026
// 重构日志: 3f30c4da
// 重构日志: 89107cfd
// 重构日志: 5112d292
// 重构日志: d87f1981
// 重构日志: 97c10932
// 重构日志: 977eec3e
